2021-03-03 22:57:45,037 INFO o.a.j.u.JMeterUtils: Setting Locale to en_EN
2021-03-03 22:57:45,060 INFO o.a.j.JMeter: Loading user properties from: C:\Users\jarod.guo\opt\apache-jmeter-5.3\bin\user.properties
2021-03-03 22:57:45,062 INFO o.a.j.JMeter: Loading system properties from: C:\Users\jarod.guo\opt\apache-jmeter-5.3\bin\system.properties
2021-03-03 22:57:45,064 INFO o.a.j.JMeter: Copyright (c) 1998-2020 The Apache Software Foundation
2021-03-03 22:57:45,064 INFO o.a.j.JMeter: Version 5.3
2021-03-03 22:57:45,064 INFO o.a.j.JMeter: java.version=1.8.0_241
2021-03-03 22:57:45,064 INFO o.a.j.JMeter: java.vm.name=Java HotSpot(TM) 64-Bit Server VM
2021-03-03 22:57:45,064 INFO o.a.j.JMeter: os.name=Windows Server 2016
2021-03-03 22:57:45,064 INFO o.a.j.JMeter: os.arch=amd64
2021-03-03 22:57:45,065 INFO o.a.j.JMeter: os.version=10.0
2021-03-03 22:57:45,065 INFO o.a.j.JMeter: file.encoding=Cp1252
2021-03-03 22:57:45,065 INFO o.a.j.JMeter: java.awt.headless=null
2021-03-03 22:57:45,065 INFO o.a.j.JMeter: Max memory     =1073741824
2021-03-03 22:57:45,065 INFO o.a.j.JMeter: Available Processors =8
2021-03-03 22:57:45,072 INFO o.a.j.JMeter: Default Locale=English (EN)
2021-03-03 22:57:45,073 INFO o.a.j.JMeter: JMeter  Locale=English (EN)
2021-03-03 22:57:45,073 INFO o.a.j.JMeter: JMeterHome=C:\Users\jarod.guo\opt\apache-jmeter-5.3
2021-03-03 22:57:45,073 INFO o.a.j.JMeter: user.dir  =C:\Users\jarod.guo\Desktop\workspace\B2B Performance
2021-03-03 22:57:45,074 INFO o.a.j.JMeter: PWD       =C:\Users\jarod.guo\Desktop\workspace\B2B Performance
2021-03-03 22:57:45,076 INFO o.a.j.JMeter: IP: 10.110.10.17 Name: GL-RD-A FullName: GL-RD-A.corporate.deckers.com
2021-03-03 22:57:46,136 INFO o.a.j.JMeter: Setting LAF to: laf:javax.swing.plaf.nimbus.NimbusLookAndFeel
2021-03-03 22:57:46,487 INFO o.a.j.JMeter: Loaded icon properties from org/apache/jmeter/images/icon.properties
2021-03-03 22:57:48,788 WARN o.j.r.PluginManager: Found JAR conflict: C:\Users\jarod.guo\opt\apache-jmeter-5.3\lib\jmeter-plugins-cmn-jmeter-0.6.jar and C:\Users\jarod.guo\opt\apache-jmeter-5.3\lib\jmeter-plugins-cmn-jmeter-0.5.jar
2021-03-03 22:57:48,860 INFO o.j.r.JARSourceHTTP: Found cached repo
2021-03-03 22:57:49,137 INFO o.j.r.PluginManager: Plugins Status: [custom-soap=1.3.3, jpgc-casutg=2.9, jpgc-filterresults=2.2, tilln-formman=1.0, jpgc-sts=2.4, jpgc-prmctl=0.4, jpgc-perfmon=2.1, jpgc-plugins-manager=1.6, jmeter-prometheus=0.6.0, ssh-sampler=1.1.1-SNAPSHOT, jpgc-synthesis=2.2, tilln-wssecurity=1.7, jmeter-core=5.3, jmeter-ftp=5.3, jmeter-http=5.3, jmeter-jdbc=5.3, jmeter-jms=5.3, jmeter-junit=5.3, jmeter-java=5.3, jmeter-ldap=5.3, jmeter-mail=5.3, jmeter-mongodb=5.3, jmeter-native=5.3, jmeter-tcp=5.3, jmeter-components=5.3]
2021-03-03 22:57:49,143 INFO o.j.r.PluginManagerMenuItem: Plugins Manager has upgrades: [ssh-sampler]
2021-03-03 22:57:49,289 INFO o.a.j.JMeter: Loading file: C:\Users\jarod.guo\Desktop\workspace\B2B Performance\DeckersB2B Integration Spike Test Plan -TC11.jmx
2021-03-03 22:57:49,291 INFO o.a.j.s.FileServer: Default base='C:\Users\jarod.guo\Desktop\workspace\B2B Performance'
2021-03-03 22:57:49,293 INFO o.a.j.s.FileServer: Set new base='C:\Users\jarod.guo\Desktop\workspace\B2B Performance'
2021-03-03 22:57:49,629 INFO o.a.j.s.SaveService: Testplan (JMX) version: 2.2. Testlog (JTL) version: 2.2
2021-03-03 22:57:49,658 INFO o.a.j.s.SaveService: Using SaveService properties file encoding UTF-8
2021-03-03 22:57:49,663 INFO o.a.j.s.SaveService: Using SaveService properties version 5.0
2021-03-03 22:57:49,668 INFO o.a.j.s.SaveService: Loading file: C:\Users\jarod.guo\Desktop\workspace\B2B Performance\DeckersB2B Integration Spike Test Plan -TC11.jmx
2021-03-03 22:57:49,999 INFO o.a.j.p.h.s.HTTPSamplerBase: Parser for text/html is org.apache.jmeter.protocol.http.parser.LagartoBasedHtmlParser
2021-03-03 22:57:50,000 INFO o.a.j.p.h.s.HTTPSamplerBase: Parser for application/xhtml+xml is org.apache.jmeter.protocol.http.parser.LagartoBasedHtmlParser
2021-03-03 22:57:50,000 INFO o.a.j.p.h.s.HTTPSamplerBase: Parser for application/xml is org.apache.jmeter.protocol.http.parser.LagartoBasedHtmlParser
2021-03-03 22:57:50,000 INFO o.a.j.p.h.s.HTTPSamplerBase: Parser for text/xml is org.apache.jmeter.protocol.http.parser.LagartoBasedHtmlParser
2021-03-03 22:57:50,001 INFO o.a.j.p.h.s.HTTPSamplerBase: Parser for text/vnd.wap.wml is org.apache.jmeter.protocol.http.parser.RegexpHTMLParser
2021-03-03 22:57:50,001 INFO o.a.j.p.h.s.HTTPSamplerBase: Parser for text/css is org.apache.jmeter.protocol.http.parser.CssParser
2021-03-03 22:57:50,158 INFO o.a.j.s.SampleResult: Note: Sample TimeStamps are START times
2021-03-03 22:57:50,159 INFO o.a.j.s.SampleResult: sampleresult.default.encoding is set to ISO-8859-1
2021-03-03 22:57:50,159 INFO o.a.j.s.SampleResult: sampleresult.useNanoTime=true
2021-03-03 22:57:50,159 INFO o.a.j.s.SampleResult: sampleresult.nanoThreadSleep=5000
2021-03-03 22:57:50,312 INFO o.a.j.s.FileServer: Set new base='C:\Users\jarod.guo\Desktop\workspace\B2B Performance'
2021-03-03 22:57:52,362 WARN o.a.j.g.ObjectTableModel: Header count=13 but classes count=11
2021-03-03 22:57:52,363 WARN o.a.j.g.ObjectTableModel: Header count=13 but writeFunctor count=11
